<?xml version="1.0" encoding="UTF-8"?>
<!-- Generated by org.testng.reporters.JUnitReportReporter -->
<testsuite hostname="IXEDLAP00809" failures="0" tests="10" name="runner.Runner" time="138.802" errors="0" timestamp="2024-04-10T18:04:24 IST" skipped="0">
  <testcase classname="runner.Runner" name="runScenario" time="28.399"/>
  <testcase classname="runner.Runner" name="runScenario" time="12.830"/>
  <testcase classname="runner.Runner" name="runScenario" time="11.621"/>
  <testcase classname="runner.Runner" name="runScenario" time="18.952"/>
  <testcase classname="runner.Runner" name="runScenario" time="10.932"/>
  <testcase classname="runner.Runner" name="runScenario" time="10.405"/>
  <testcase classname="runner.Runner" name="runScenario" time="8.682"/>
  <testcase classname="runner.Runner" name="runScenario" time="14.186"/>
  <testcase classname="runner.Runner" name="runScenario" time="8.212"/>
  <testcase classname="runner.Runner" name="runScenario" time="14.583"/>
</testsuite> <!-- runner.Runner -->
