<?xml version="1.0" encoding="UTF-8"?>
<!-- Generated by org.testng.reporters.JUnitReportReporter -->
<testsuite hostname="IXEDLAP00809" failures="0" tests="10" name="runner.Runner" time="93.672" errors="0" timestamp="2024-04-11T11:41:12 IST" skipped="0">
  <testcase classname="runner.Runner" name="runScenario" time="11.548"/>
  <testcase classname="runner.Runner" name="runScenario" time="10.414"/>
  <testcase classname="runner.Runner" name="runScenario" time="9.003"/>
  <testcase classname="runner.Runner" name="runScenario" time="7.992"/>
  <testcase classname="runner.Runner" name="runScenario" time="9.003"/>
  <testcase classname="runner.Runner" name="runScenario" time="8.474"/>
  <testcase classname="runner.Runner" name="runScenario" time="9.515"/>
  <testcase classname="runner.Runner" name="runScenario" time="9.705"/>
  <testcase classname="runner.Runner" name="runScenario" time="10.015"/>
  <testcase classname="runner.Runner" name="runScenario" time="8.003"/>
</testsuite> <!-- runner.Runner -->
