<?xml version="1.0" encoding="UTF-8"?>
<!-- Generated by org.testng.reporters.JUnitReportReporter -->
<testsuite hostname="IXEDLAP00809" failures="0" tests="10" name="runner.Runner" time="102.757" errors="0" timestamp="2024-04-10T14:50:53 IST" skipped="0">
  <testcase classname="runner.Runner" name="runScenario" time="8.308"/>
  <testcase classname="runner.Runner" name="runScenario" time="10.549"/>
  <testcase classname="runner.Runner" name="runScenario" time="8.247"/>
  <testcase classname="runner.Runner" name="runScenario" time="13.368"/>
  <testcase classname="runner.Runner" name="runScenario" time="8.559"/>
  <testcase classname="runner.Runner" name="runScenario" time="16.518"/>
  <testcase classname="runner.Runner" name="runScenario" time="11.577"/>
  <testcase classname="runner.Runner" name="runScenario" time="8.384"/>
  <testcase classname="runner.Runner" name="runScenario" time="9.931"/>
  <testcase classname="runner.Runner" name="runScenario" time="7.316"/>
</testsuite> <!-- runner.Runner -->
